<?xml version="1.0" encoding="UTF-8"?>
<testng-results skipped="0" failed="0" ignored="0" total="12" passed="12">
  <reporter-output>
  </reporter-output>
  <suite name="Suite" duration-ms="14362" started-at="2018-05-26T14:36:57Z" finished-at="2018-05-26T14:37:11Z">
    <groups>
    </groups>
    <test name="Test" duration-ms="14362" started-at="2018-05-26T14:36:57Z" finished-at="2018-05-26T14:37:11Z">
      <class name="Celmatix.ToDoApp.ToDoMvcTest">
        <test-method status="PASS" signature="launchApplication()[pri:0, instance:Celmatix.ToDoApp.ToDoMvcTest@5034c75a]" name="launchApplication" is-config="true" duration-ms="8873" started-at="2018-05-26T14:36:57Z" finished-at="2018-05-26T14:37:06Z">
          <reporter-output>
          </reporter-output>
        </test-method> <!-- launchApplication -->
        <test-method status="PASS" signature="R1_enterTextAndVerify()[pri:0, instance:Celmatix.ToDoApp.ToDoMvcTest@5034c75a]" name="R1_enterTextAndVerify" duration-ms="634" started-at="2018-05-26T14:37:06Z" finished-at="2018-05-26T14:37:06Z">
          <reporter-output>
          </reporter-output>
        </test-method> <!-- R1_enterTextAndVerify -->
        <test-method status="PASS" signature="R2_enterTextAndVerify()[pri:0, instance:Celmatix.ToDoApp.ToDoMvcTest@5034c75a]" name="R2_enterTextAndVerify" duration-ms="290" started-at="2018-05-26T14:37:06Z" finished-at="2018-05-26T14:37:07Z">
          <reporter-output>
          </reporter-output>
        </test-method> <!-- R2_enterTextAndVerify -->
        <test-method status="PASS" signature="R3_enterTextAndVerify()[pri:0, instance:Celmatix.ToDoApp.ToDoMvcTest@5034c75a]" name="R3_enterTextAndVerify" duration-ms="425" started-at="2018-05-26T14:37:07Z" finished-at="2018-05-26T14:37:07Z">
          <reporter-output>
          </reporter-output>
        </test-method> <!-- R3_enterTextAndVerify -->
        <test-method status="PASS" signature="R4_countToDoItems()[pri:0, instance:Celmatix.ToDoApp.ToDoMvcTest@5034c75a]" name="R4_countToDoItems" duration-ms="48" started-at="2018-05-26T14:37:07Z" finished-at="2018-05-26T14:37:07Z">
          <reporter-output>
          </reporter-output>
        </test-method> <!-- R4_countToDoItems -->
        <test-method status="PASS" signature="R5_MarkItemCompleted()[pri:0, instance:Celmatix.ToDoApp.ToDoMvcTest@5034c75a]" name="R5_MarkItemCompleted" duration-ms="112" started-at="2018-05-26T14:37:07Z" finished-at="2018-05-26T14:37:07Z">
          <reporter-output>
          </reporter-output>
        </test-method> <!-- R5_MarkItemCompleted -->
        <test-method status="PASS" signature="R6_verifyItemCountAfterTaskComplete()[pri:0, instance:Celmatix.ToDoApp.ToDoMvcTest@5034c75a]" name="R6_verifyItemCountAfterTaskComplete" duration-ms="37" started-at="2018-05-26T14:37:07Z" finished-at="2018-05-26T14:37:07Z">
          <reporter-output>
          </reporter-output>
        </test-method> <!-- R6_verifyItemCountAfterTaskComplete -->
        <test-method status="PASS" signature="R7_ClearCompletedAndVerifyList()[pri:0, instance:Celmatix.ToDoApp.ToDoMvcTest@5034c75a]" name="R7_ClearCompletedAndVerifyList" duration-ms="278" started-at="2018-05-26T14:37:07Z" finished-at="2018-05-26T14:37:08Z">
          <reporter-output>
          </reporter-output>
        </test-method> <!-- R7_ClearCompletedAndVerifyList -->
        <test-method status="PASS" signature="VerifyCodeInjectionExploit(java.lang.String)[pri:0, instance:Celmatix.ToDoApp.ToDoMvcTest@5034c75a]" name="VerifyCodeInjectionExploit" duration-ms="544" started-at="2018-05-26T14:37:08Z" data-provider="getData" finished-at="2018-05-26T14:37:08Z">
          <params>
            <param index="0">
              <value>
                <![CDATA[<script>alert('Injected!');</script>]]>
              </value>
            </param>
          </params>
          <reporter-output>
          </reporter-output>
        </test-method> <!-- VerifyCodeInjectionExploit -->
        <test-method status="PASS" signature="VerifyCodeInjectionExploit(java.lang.String)[pri:0, instance:Celmatix.ToDoApp.ToDoMvcTest@5034c75a]" name="VerifyCodeInjectionExploit" duration-ms="587" started-at="2018-05-26T14:37:08Z" data-provider="getData" finished-at="2018-05-26T14:37:09Z">
          <params>
            <param index="0">
              <value>
                <![CDATA[javascript:alert(document.cookie);]]>
              </value>
            </param>
          </params>
          <reporter-output>
          </reporter-output>
        </test-method> <!-- VerifyCodeInjectionExploit -->
        <test-method status="PASS" signature="VerifyCodeInjectionExploit(java.lang.String)[pri:0, instance:Celmatix.ToDoApp.ToDoMvcTest@5034c75a]" name="VerifyCodeInjectionExploit" duration-ms="643" started-at="2018-05-26T14:37:09Z" data-provider="getData" finished-at="2018-05-26T14:37:09Z">
          <params>
            <param index="0">
              <value>
                <![CDATA[javascript:alert('Executed!');]]>
              </value>
            </param>
          </params>
          <reporter-output>
          </reporter-output>
        </test-method> <!-- VerifyCodeInjectionExploit -->
        <test-method status="PASS" signature="VerifyCodeInjectionExploit(java.lang.String)[pri:0, instance:Celmatix.ToDoApp.ToDoMvcTest@5034c75a]" name="VerifyCodeInjectionExploit" duration-ms="824" started-at="2018-05-26T14:37:09Z" data-provider="getData" finished-at="2018-05-26T14:37:10Z">
          <params>
            <param index="0">
              <value>
                <![CDATA[javascript:void(document.forms[0].total.value=1);]]>
              </value>
            </param>
          </params>
          <reporter-output>
          </reporter-output>
        </test-method> <!-- VerifyCodeInjectionExploit -->
        <test-method status="PASS" signature="VerifyCodeInjectionExploit(java.lang.String)[pri:0, instance:Celmatix.ToDoApp.ToDoMvcTest@5034c75a]" name="VerifyCodeInjectionExploit" duration-ms="921" started-at="2018-05-26T14:37:10Z" data-provider="getData" finished-at="2018-05-26T14:37:11Z">
          <params>
            <param index="0">
              <value>
                <![CDATA[Select count(*) from todos where name="" or "1=1"]]>
              </value>
            </param>
          </params>
          <reporter-output>
          </reporter-output>
        </test-method> <!-- VerifyCodeInjectionExploit -->
        <test-method status="PASS" signature="CloseApplication()[pri:0, instance:Celmatix.ToDoApp.ToDoMvcTest@5034c75a]" name="CloseApplication" is-config="true" duration-ms="108" started-at="2018-05-26T14:37:11Z" finished-at="2018-05-26T14:37:11Z">
          <reporter-output>
          </reporter-output>
        </test-method> <!-- CloseApplication -->
      </class> <!-- Celmatix.ToDoApp.ToDoMvcTest -->
    </test> <!-- Test -->
  </suite> <!-- Suite -->
</testng-results>
